<?xml version="1.0" encoding="UTF-8"?>
<!-- Generated by org.testng.reporters.JUnitReportReporter -->
<testsuite hostname="C02HG794Q6L5" failures="0" tests="1" name="Testcase1.TestCase1" time="41.505" errors="0" timestamp="2024-04-19T14:32:21 IST" skipped="0">
  <testcase classname="Testcase1.TestCase1" name="Test" time="41.505"/>
  <system-out/>
</testsuite> <!-- Testcase1.TestCase1 -->
