<?xml version="1.0" encoding="UTF-8"?>
<!-- Generated by org.testng.reporters.JUnitReportReporter -->
<testsuite hostname="C02HG794Q6L5" failures="0" tests="1" name="CustomerService.NewTest" time="3.303" errors="0" timestamp="2023-12-11T11:05:02 IST" skipped="0">
  <testcase classname="CustomerService.NewTest" name="Test" time="3.303"/>
  <system-out/>
</testsuite> <!-- CustomerService.NewTest -->
