<?xml version="1.0" encoding="UTF-8"?>
<!-- Generated by org.testng.reporters.JUnitReportReporter -->
<testsuite hostname="C02HG794Q6L5" failures="0" tests="1" name="CustomerService.TestCase1" time="2.831" errors="0" timestamp="2023-12-11T11:06:38 IST" skipped="0">
  <testcase classname="CustomerService.TestCase1" name="Test" time="2.831"/>
  <system-out/>
</testsuite> <!-- CustomerService.TestCase1 -->
